<?xml version="1.0" encoding="UTF-8"?>
<!-- Generated by org.testng.reporters.JUnitXMLReporter -->
<testsuite ignored="0" hostname="LAPTOP-PVH5LLQI" failures="0" tests="8" name="Default test" time="4.43" errors="0" timestamp="2022-07-08T17:00:29 IST">
  <testcase classname="com.gorest.tests.GetTests" name="validateStatusCode" time="2.74"/>
  <testcase classname="com.gorest.tests.GetTests" name="validateEmail" time="0.001"/>
  <testcase classname="com.gorest.tests.GetTests" name="validateGender" time="0.003"/>
  <testcase classname="com.gorest.tests.GetTests" name="validateId" time="0.001"/>
  <testcase classname="com.gorest.tests.GetTests" name="validateInvalideToken" time="0.698"/>
  <testcase classname="com.gorest.tests.GetTests" name="validateInvalideURL" time="0.695"/>
  <testcase classname="com.gorest.tests.GetTests" name="validateName" time="0.004"/>
  <testcase classname="com.gorest.tests.GetTests" name="validateStatus" time="0.001"/>
</testsuite> <!-- Default test -->
