<?xml version="1.0" encoding="UTF-8"?>
<!-- Generated by org.testng.reporters.JUnitXMLReporter -->
<testsuite ignored="0" hostname="LAPTOP-P3PTTN41" failures="0" tests="5" name="Default test" time="4.465" errors="0" timestamp="2022-07-21T21:46:32 IST">
  <testcase classname="com.booker.qa.assignment.POST_request" name="validateAdditionalNeeds" time="0.764"/>
  <testcase classname="com.booker.qa.assignment.POST_request" name="validateBookingDates" time="0.055"/>
  <testcase classname="com.booker.qa.assignment.POST_request" name="validateName" time="0.039"/>
  <testcase classname="com.booker.qa.assignment.POST_request" name="validateStatusCode" time="0.002"/>
  <testcase classname="com.booker.qa.assignment.POST_request" name="validateTotalPrice" time="0.048"/>
</testsuite> <!-- Default test -->
