<?xml version="1.0" encoding="UTF-8"?>
<testng-results ignored="0" total="5" passed="5" failed="0" skipped="0">
  <reporter-output>
  </reporter-output>
  <suite started-at="2022-07-21T21:46:28 IST" name="Default suite" finished-at="2022-07-21T21:46:32 IST" duration-ms="4465">
    <groups>
    </groups>
    <test started-at="2022-07-21T21:46:28 IST" name="Default test" finished-at="2022-07-21T21:46:32 IST" duration-ms="4465">
      <class name="com.booker.qa.assignment.POST_request">
        <test-method is-config="true" signature="testConfig()[pri:0, instance:com.booker.qa.assignment.POST_request@7b36aa0c]" started-at="2022-07-21T21:46:28 IST" name="testConfig" finished-at="2022-07-21T21:46:31 IST" duration-ms="3513" status="PASS">
          <reporter-output>
          </reporter-output>
        </test-method> <!-- testConfig -->
        <test-method signature="validateAdditionalNeeds()[pri:0, instance:com.booker.qa.assignment.POST_request@7b36aa0c]" started-at="2022-07-21T21:46:31 IST" name="validateAdditionalNeeds" finished-at="2022-07-21T21:46:32 IST" duration-ms="764" status="PASS">
          <reporter-output>
          </reporter-output>
        </test-method> <!-- validateAdditionalNeeds -->
        <test-method signature="validateBookingDates()[pri:0, instance:com.booker.qa.assignment.POST_request@7b36aa0c]" started-at="2022-07-21T21:46:32 IST" name="validateBookingDates" finished-at="2022-07-21T21:46:32 IST" duration-ms="55" status="PASS">
          <reporter-output>
          </reporter-output>
        </test-method> <!-- validateBookingDates -->
        <test-method signature="validateName()[pri:0, instance:com.booker.qa.assignment.POST_request@7b36aa0c]" started-at="2022-07-21T21:46:32 IST" name="validateName" finished-at="2022-07-21T21:46:32 IST" duration-ms="39" status="PASS">
          <reporter-output>
          </reporter-output>
        </test-method> <!-- validateName -->
        <test-method signature="validateStatusCode()[pri:0, instance:com.booker.qa.assignment.POST_request@7b36aa0c]" started-at="2022-07-21T21:46:32 IST" name="validateStatusCode" finished-at="2022-07-21T21:46:32 IST" duration-ms="2" status="PASS">
          <reporter-output>
          </reporter-output>
        </test-method> <!-- validateStatusCode -->
        <test-method signature="validateTotalPrice()[pri:0, instance:com.booker.qa.assignment.POST_request@7b36aa0c]" started-at="2022-07-21T21:46:32 IST" name="validateTotalPrice" finished-at="2022-07-21T21:46:32 IST" duration-ms="48" status="PASS">
          <reporter-output>
          </reporter-output>
        </test-method> <!-- validateTotalPrice -->
      </class> <!-- com.booker.qa.assignment.POST_request -->
    </test> <!-- Default test -->
  </suite> <!-- Default suite -->
</testng-results>
